[INFO] Scanning for projects...
[INFO] ------------------------------------------------------------------------
[INFO] Detecting the operating system and CPU architecture
[INFO] ------------------------------------------------------------------------
[INFO] os.detected.name: linux
[INFO] os.detected.arch: x86_64
[INFO] os.detected.version: 5.4
[INFO] os.detected.version.major: 5
[INFO] os.detected.version.minor: 4
[INFO] os.detected.release: ubuntu
[INFO] os.detected.release.version: 18.04
[INFO] os.detected.release.like.ubuntu: true
[INFO] os.detected.release.like.debian: true
[INFO] os.detected.classifier: linux-x86_64
[INFO] ------------------------------------------------------------------------
[INFO] Reactor Build Order:
[INFO] 
[INFO] Apache Ratis                                                       [pom]
[INFO] Apache Ratis Documentation                                         [jar]
[INFO] Apache Ratis Protocols                                             [jar]
[INFO] Apache Ratis Common                                                [jar]
[INFO] Apache Ratis Client                                                [jar]
[INFO] Apache Ratis Server API                                            [jar]
[INFO] Apache Ratis Metrics                                               [jar]
[INFO] Apache Ratis Server                                                [jar]
[INFO] Apache Ratis - Resource Bundle                                     [jar]
[INFO] Apache Ratis gRPC Support                                          [jar]
[INFO] Apache Ratis Netty Support                                         [jar]
[INFO] Apache Ratis Shell                                                 [jar]
[INFO] Apache Ratis Test                                                  [jar]
[INFO] Apache Ratis Tools                                                 [jar]
[INFO] Apache Ratis Examples                                              [jar]
[INFO] Apache Ratis Replicated Map                                        [jar]
[INFO] Apache Ratis Project Assembly                                      [pom]
[INFO] 
[INFO] -----------------------< org.apache.ratis:ratis >-----------------------
[INFO] Building Apache Ratis 3.0.0-SNAPSHOT                              [1/17]
[INFO] --------------------------------[ pom ]---------------------------------
[INFO] 
[INFO] --- maven-enforcer-plugin:1.4.1:enforce (enforce-maven-version) @ ratis ---
[INFO] 
[INFO] --- maven-enforcer-plugin:1.4.1:enforce (default) @ ratis ---
[INFO] 
[INFO] --- build-helper-maven-plugin:1.9:add-source (add-source) @ ratis ---
[INFO] Source directory: /home/runner/work/ratis/ratis/target/generated-sources added.
[INFO] 
[INFO] --- maven-remote-resources-plugin:1.7.0:process (process-resource-bundles) @ ratis ---
[INFO] Preparing remote bundle org.apache:apache-jar-resource-bundle:1.4
[INFO] Copying 3 resources from 1 bundle.
[INFO] 
[INFO] --- buildnumber-maven-plugin:1.4:create-metadata (default) @ ratis ---
[INFO] Executing: /bin/sh -c cd '/home/runner/work/ratis/ratis' && 'git' 'rev-parse' '--verify' 'HEAD'
[INFO] Working directory: /home/runner/work/ratis/ratis
[INFO] 
[INFO] --------------------< org.apache.ratis:ratis-docs >---------------------
[INFO] Building Apache Ratis Documentation 3.0.0-SNAPSHOT                [2/17]
[INFO] --------------------------------[ jar ]---------------------------------
[INFO] 
[INFO] --- build-helper-maven-plugin:1.9:add-source (add-source) @ ratis-docs ---
[INFO] Source directory: /home/runner/work/ratis/ratis/ratis-docs/target/generated-sources added.
[INFO] 
[INFO] --- maven-remote-resources-plugin:1.7.0:process (process-resource-bundles) @ ratis-docs ---
[INFO] Preparing remote bundle org.apache:apache-jar-resource-bundle:1.4
[INFO] Copying 3 resources from 1 bundle.
[INFO] 
[INFO] --- buildnumber-maven-plugin:1.4:create-metadata (default) @ ratis-docs ---
[INFO] Executing: /bin/sh -c cd '/home/runner/work/ratis/ratis/ratis-docs' && 'git' 'rev-parse' '--verify' 'HEAD'
[INFO] Working directory: /home/runner/work/ratis/ratis/ratis-docs
[INFO] 
[INFO] --- maven-resources-plugin:3.1.0:resources (default-resources) @ ratis-docs ---
[INFO] Using 'UTF-8' encoding to copy filtered resources.
[INFO] skip non existing resourceDirectory /home/runner/work/ratis/ratis/ratis-docs/src/main/resources
[INFO] Copying 3 resources
[INFO] 
[INFO] --- maven-compiler-plugin:3.8.1:compile (default-compile) @ ratis-docs ---
[INFO] No sources to compile
[INFO] 
[INFO] --- maven-resources-plugin:3.1.0:testResources (default-testResources) @ ratis-docs ---
[INFO] Using 'UTF-8' encoding to copy filtered resources.
[INFO] skip non existing resourceDirectory /home/runner/work/ratis/ratis/ratis-docs/src/test/resources
[INFO] Copying 3 resources
[INFO] 
[INFO] --- maven-compiler-plugin:3.8.1:testCompile (default-testCompile) @ ratis-docs ---
[INFO] No sources to compile
[INFO] 
[INFO] --- maven-surefire-plugin:3.0.0-M1:test (default-test) @ ratis-docs ---
[INFO] 
[INFO] --------------------< org.apache.ratis:ratis-proto >--------------------
[INFO] Building Apache Ratis Protocols 3.0.0-SNAPSHOT                    [3/17]
[INFO] --------------------------------[ jar ]---------------------------------
[INFO] Downloading from apache.snapshots.https: https://repository.apache.org/content/repositories/snapshots/org/apache/ratis/ratis-thirdparty-misc/1.0.1/ratis-thirdparty-misc-1.0.1.pom
[INFO] Downloading from repository.jboss.org: https://repository.jboss.org/nexus/content/groups/public/org/apache/ratis/ratis-thirdparty-misc/1.0.1/ratis-thirdparty-misc-1.0.1.pom
[INFO] Downloading from central: https://repo.maven.apache.org/maven2/org/apache/ratis/ratis-thirdparty-misc/1.0.1/ratis-thirdparty-misc-1.0.1.pom
[INFO] Downloaded from central: https://repo.maven.apache.org/maven2/org/apache/ratis/ratis-thirdparty-misc/1.0.1/ratis-thirdparty-misc-1.0.1.pom (13 kB at 33 kB/s)
[INFO] Downloading from apache.snapshots.https: https://repository.apache.org/content/repositories/snapshots/org/apache/ratis/ratis-thirdparty/1.0.1/ratis-thirdparty-1.0.1.pom
[INFO] Downloading from repository.jboss.org: https://repository.jboss.org/nexus/content/groups/public/org/apache/ratis/ratis-thirdparty/1.0.1/ratis-thirdparty-1.0.1.pom
[INFO] Downloading from central: https://repo.maven.apache.org/maven2/org/apache/ratis/ratis-thirdparty/1.0.1/ratis-thirdparty-1.0.1.pom
[INFO] Downloaded from central: https://repo.maven.apache.org/maven2/org/apache/ratis/ratis-thirdparty/1.0.1/ratis-thirdparty-1.0.1.pom (16 kB at 1.1 MB/s)
[INFO] Downloading from apache.snapshots.https: https://repository.apache.org/content/repositories/snapshots/org/apache/ratis/ratis-thirdparty-misc/1.0.1/ratis-thirdparty-misc-1.0.1.jar
[INFO] Downloading from repository.jboss.org: https://repository.jboss.org/nexus/content/groups/public/org/apache/ratis/ratis-thirdparty-misc/1.0.1/ratis-thirdparty-misc-1.0.1.jar
[INFO] Downloading from central: https://repo.maven.apache.org/maven2/org/apache/ratis/ratis-thirdparty-misc/1.0.1/ratis-thirdparty-misc-1.0.1.jar
[INFO] Downloaded from central: https://repo.maven.apache.org/maven2/org/apache/ratis/ratis-thirdparty-misc/1.0.1/ratis-thirdparty-misc-1.0.1.jar (19 MB at 29 MB/s)
[INFO] 
[INFO] --- build-helper-maven-plugin:1.9:add-source (add-source) @ ratis-proto ---
[INFO] Source directory: /home/runner/work/ratis/ratis/ratis-proto/target/generated-sources added.
[INFO] 
[INFO] --- protobuf-maven-plugin:0.5.1:compile (compile-protobuf) @ ratis-proto ---
[INFO] Compiling 6 proto file(s) to /home/runner/work/ratis/ratis/ratis-proto/target/generated-sources
[INFO] 
[INFO] --- protobuf-maven-plugin:0.5.1:compile-custom (compile-grpc) @ ratis-proto ---
[INFO] Compiling 6 proto file(s) to /home/runner/work/ratis/ratis/ratis-proto/target/generated-sources
[INFO] 
[INFO] --- replacer:1.5.3:replace (default) @ ratis-proto ---
[INFO] Replacement run on 10 files.
[INFO] 
[INFO] --- maven-remote-resources-plugin:1.7.0:process (process-resource-bundles) @ ratis-proto ---
[INFO] Preparing remote bundle org.apache:apache-jar-resource-bundle:1.4
[INFO] Copying 3 resources from 1 bundle.
[INFO] 
[INFO] --- buildnumber-maven-plugin:1.4:create-metadata (default) @ ratis-proto ---
[INFO] Executing: /bin/sh -c cd '/home/runner/work/ratis/ratis/ratis-proto' && 'git' 'rev-parse' '--verify' 'HEAD'
[INFO] Working directory: /home/runner/work/ratis/ratis/ratis-proto
[INFO] 
[INFO] --- maven-resources-plugin:3.1.0:resources (default-resources) @ ratis-proto ---
[INFO] Using 'UTF-8' encoding to copy filtered resources.
[INFO] skip non existing resourceDirectory /home/runner/work/ratis/ratis/ratis-proto/src/main/resources
[INFO] Copying 6 resources
[INFO] Copying 6 resources
[INFO] Copying 3 resources
[INFO] 
[INFO] --- maven-compiler-plugin:3.8.1:compile (default-compile) @ ratis-proto ---
[INFO] Compiling 10 source files to /home/runner/work/ratis/ratis/ratis-proto/target/classes
[INFO] 
[INFO] --- maven-jar-plugin:3.2.0:jar (default-jar) @ ratis-proto ---
[INFO] Building jar: /home/runner/work/ratis/ratis/ratis-proto/target/ratis-proto-3.0.0-SNAPSHOT.jar
[INFO] 
[INFO] --- maven-resources-plugin:3.1.0:testResources (default-testResources) @ ratis-proto ---
[INFO] Using 'UTF-8' encoding to copy filtered resources.
[INFO] skip non existing resourceDirectory /home/runner/work/ratis/ratis/ratis-proto/src/test/resources
[INFO] Copying 3 resources
[INFO] 
[INFO] --- maven-compiler-plugin:3.8.1:testCompile (default-testCompile) @ ratis-proto ---
[INFO] No sources to compile
[INFO] 
[INFO] --- maven-surefire-plugin:3.0.0-M1:test (default-test) @ ratis-proto ---
[INFO] 
[INFO] -------------------< org.apache.ratis:ratis-common >--------------------
[INFO] Building Apache Ratis Common 3.0.0-SNAPSHOT                       [4/17]
[INFO] --------------------------------[ jar ]---------------------------------
[INFO] 
[INFO] --- build-helper-maven-plugin:1.9:add-source (add-source) @ ratis-common ---
[INFO] Source directory: /home/runner/work/ratis/ratis/ratis-common/target/generated-sources added.
[INFO] 
[INFO] --- maven-remote-resources-plugin:1.7.0:process (process-resource-bundles) @ ratis-common ---
[INFO] Preparing remote bundle org.apache:apache-jar-resource-bundle:1.4
[INFO] Copying 3 resources from 1 bundle.
[INFO] 
[INFO] --- buildnumber-maven-plugin:1.4:create-metadata (default) @ ratis-common ---
[INFO] Executing: /bin/sh -c cd '/home/runner/work/ratis/ratis/ratis-common' && 'git' 'rev-parse' '--verify' 'HEAD'
[INFO] Working directory: /home/runner/work/ratis/ratis/ratis-common
[INFO] 
[INFO] --- maven-resources-plugin:3.1.0:resources (default-resources) @ ratis-common ---
[INFO] Using 'UTF-8' encoding to copy filtered resources.
[INFO] skip non existing resourceDirectory /home/runner/work/ratis/ratis/ratis-common/src/main/resources
[INFO] Copying 3 resources
[INFO] 
[INFO] --- maven-compiler-plugin:3.8.1:compile (default-compile) @ ratis-common ---
[INFO] Compiling 133 source files to /home/runner/work/ratis/ratis/ratis-common/target/classes
[INFO] 
[INFO] --- maven-resources-plugin:3.1.0:testResources (default-testResources) @ ratis-common ---
[INFO] Using 'UTF-8' encoding to copy filtered resources.
[INFO] Copying 1 resource
[INFO] Copying 3 resources
[INFO] 
[INFO] --- maven-compiler-plugin:3.8.1:testCompile (default-testCompile) @ ratis-common ---
[INFO] Compiling 7 source files to /home/runner/work/ratis/ratis/ratis-common/target/test-classes
[INFO] 
[INFO] --- maven-surefire-plugin:3.0.0-M1:test (default-test) @ ratis-common ---
[INFO] 
[INFO] -------------------< org.apache.ratis:ratis-client >--------------------
[INFO] Building Apache Ratis Client 3.0.0-SNAPSHOT                       [5/17]
[INFO] --------------------------------[ jar ]---------------------------------
[INFO] 
[INFO] --- build-helper-maven-plugin:1.9:add-source (add-source) @ ratis-client ---
[INFO] Source directory: /home/runner/work/ratis/ratis/ratis-client/target/generated-sources added.
[INFO] 
[INFO] --- maven-remote-resources-plugin:1.7.0:process (process-resource-bundles) @ ratis-client ---
[INFO] Preparing remote bundle org.apache:apache-jar-resource-bundle:1.4
[INFO] Copying 3 resources from 1 bundle.
[INFO] 
[INFO] --- buildnumber-maven-plugin:1.4:create-metadata (default) @ ratis-client ---
[INFO] Executing: /bin/sh -c cd '/home/runner/work/ratis/ratis/ratis-client' && 'git' 'rev-parse' '--verify' 'HEAD'
[INFO] Working directory: /home/runner/work/ratis/ratis/ratis-client
[INFO] 
[INFO] --- maven-resources-plugin:3.1.0:resources (default-resources) @ ratis-client ---
[INFO] Using 'UTF-8' encoding to copy filtered resources.
[INFO] skip non existing resourceDirectory /home/runner/work/ratis/ratis/ratis-client/src/main/resources
[INFO] Copying 3 resources
[INFO] 
[INFO] --- maven-compiler-plugin:3.8.1:compile (default-compile) @ ratis-client ---
[INFO] Compiling 40 source files to /home/runner/work/ratis/ratis/ratis-client/target/classes
[INFO] 
[INFO] --- maven-resources-plugin:3.1.0:testResources (default-testResources) @ ratis-client ---
[INFO] Using 'UTF-8' encoding to copy filtered resources.
[INFO] skip non existing resourceDirectory /home/runner/work/ratis/ratis/ratis-client/src/test/resources
[INFO] Copying 3 resources
[INFO] 
[INFO] --- maven-compiler-plugin:3.8.1:testCompile (default-testCompile) @ ratis-client ---
[INFO] No sources to compile
[INFO] 
[INFO] --- maven-surefire-plugin:3.0.0-M1:test (default-test) @ ratis-client ---
[INFO] 
[INFO] -----------------< org.apache.ratis:ratis-server-api >------------------
[INFO] Building Apache Ratis Server API 3.0.0-SNAPSHOT                   [6/17]
[INFO] --------------------------------[ jar ]---------------------------------
[INFO] 
[INFO] --- build-helper-maven-plugin:1.9:add-source (add-source) @ ratis-server-api ---
[INFO] Source directory: /home/runner/work/ratis/ratis/ratis-server-api/target/generated-sources added.
[INFO] 
[INFO] --- maven-remote-resources-plugin:1.7.0:process (process-resource-bundles) @ ratis-server-api ---
[INFO] Preparing remote bundle org.apache:apache-jar-resource-bundle:1.4
[INFO] Copying 3 resources from 1 bundle.
[INFO] 
[INFO] --- buildnumber-maven-plugin:1.4:create-metadata (default) @ ratis-server-api ---
[INFO] Executing: /bin/sh -c cd '/home/runner/work/ratis/ratis/ratis-server-api' && 'git' 'rev-parse' '--verify' 'HEAD'
[INFO] Working directory: /home/runner/work/ratis/ratis/ratis-server-api
[INFO] 
[INFO] --- maven-resources-plugin:3.1.0:resources (default-resources) @ ratis-server-api ---
[INFO] Using 'UTF-8' encoding to copy filtered resources.
[INFO] skip non existing resourceDirectory /home/runner/work/ratis/ratis/ratis-server-api/src/main/resources
[INFO] Copying 3 resources
[INFO] 
[INFO] --- maven-compiler-plugin:3.8.1:compile (default-compile) @ ratis-server-api ---
[INFO] Compiling 37 source files to /home/runner/work/ratis/ratis/ratis-server-api/target/classes
[INFO] 
[INFO] --- maven-resources-plugin:3.1.0:testResources (default-testResources) @ ratis-server-api ---
[INFO] Using 'UTF-8' encoding to copy filtered resources.
[INFO] skip non existing resourceDirectory /home/runner/work/ratis/ratis/ratis-server-api/src/test/resources
[INFO] Copying 3 resources
[INFO] 
[INFO] --- maven-compiler-plugin:3.8.1:testCompile (default-testCompile) @ ratis-server-api ---
[INFO] No sources to compile
[INFO] 
[INFO] --- maven-surefire-plugin:3.0.0-M1:test (default-test) @ ratis-server-api ---
[INFO] 
[INFO] -------------------< org.apache.ratis:ratis-metrics >-------------------
[INFO] Building Apache Ratis Metrics 3.0.0-SNAPSHOT                      [7/17]
[INFO] --------------------------------[ jar ]---------------------------------
[INFO] 
[INFO] --- build-helper-maven-plugin:1.9:add-source (add-source) @ ratis-metrics ---
[INFO] Source directory: /home/runner/work/ratis/ratis/ratis-metrics/target/generated-sources added.
[INFO] 
[INFO] --- maven-remote-resources-plugin:1.7.0:process (process-resource-bundles) @ ratis-metrics ---
[INFO] Preparing remote bundle org.apache:apache-jar-resource-bundle:1.4
[INFO] Copying 3 resources from 1 bundle.
[INFO] 
[INFO] --- buildnumber-maven-plugin:1.4:create-metadata (default) @ ratis-metrics ---
[INFO] Executing: /bin/sh -c cd '/home/runner/work/ratis/ratis/ratis-metrics' && 'git' 'rev-parse' '--verify' 'HEAD'
[INFO] Working directory: /home/runner/work/ratis/ratis/ratis-metrics
[INFO] 
[INFO] --- maven-resources-plugin:3.1.0:resources (default-resources) @ ratis-metrics ---
[INFO] Using 'UTF-8' encoding to copy filtered resources.
[INFO] Copying 1 resource
[INFO] Copying 3 resources
[INFO] 
[INFO] --- maven-compiler-plugin:3.8.1:compile (default-compile) @ ratis-metrics ---
[INFO] Compiling 13 source files to /home/runner/work/ratis/ratis/ratis-metrics/target/classes
[INFO] 
[INFO] --- maven-resources-plugin:3.1.0:testResources (default-testResources) @ ratis-metrics ---
[INFO] Using 'UTF-8' encoding to copy filtered resources.
[INFO] Copying 1 resource
[INFO] Copying 3 resources
[INFO] 
[INFO] --- maven-compiler-plugin:3.8.1:testCompile (default-testCompile) @ ratis-metrics ---
[INFO] Compiling 2 source files to /home/runner/work/ratis/ratis/ratis-metrics/target/test-classes
[INFO] 
[INFO] --- maven-surefire-plugin:3.0.0-M1:test (default-test) @ ratis-metrics ---
[INFO] 
[INFO] -------------------< org.apache.ratis:ratis-server >--------------------
[INFO] Building Apache Ratis Server 3.0.0-SNAPSHOT                       [8/17]
[INFO] --------------------------------[ jar ]---------------------------------
[INFO] 
[INFO] --- build-helper-maven-plugin:1.9:add-source (add-source) @ ratis-server ---
[INFO] Source directory: /home/runner/work/ratis/ratis/ratis-server/target/generated-sources added.
[INFO] 
[INFO] --- maven-remote-resources-plugin:1.7.0:process (process-resource-bundles) @ ratis-server ---
[INFO] Preparing remote bundle org.apache:apache-jar-resource-bundle:1.4
[INFO] Copying 3 resources from 1 bundle.
[INFO] 
[INFO] --- buildnumber-maven-plugin:1.4:create-metadata (default) @ ratis-server ---
[INFO] Executing: /bin/sh -c cd '/home/runner/work/ratis/ratis/ratis-server' && 'git' 'rev-parse' '--verify' 'HEAD'
[INFO] Working directory: /home/runner/work/ratis/ratis/ratis-server
[INFO] 
[INFO] --- maven-resources-plugin:3.1.0:resources (default-resources) @ ratis-server ---
[INFO] Using 'UTF-8' encoding to copy filtered resources.
[INFO] skip non existing resourceDirectory /home/runner/work/ratis/ratis/ratis-server/src/main/resources
[INFO] Copying 3 resources
[INFO] 
[INFO] --- maven-compiler-plugin:3.8.1:compile (default-compile) @ ratis-server ---
[INFO] Compiling 68 source files to /home/runner/work/ratis/ratis/ratis-server/target/classes
[WARNING] /home/runner/work/ratis/ratis/ratis-server/src/main/java/org/apache/ratis/server/impl/LeaderStateImpl.java:[1124,44] [deprecation] notifyFollowerSlowness(RoleInfoProto) in LeaderEventApi has been deprecated
[INFO] 
[INFO] --- maven-resources-plugin:3.1.0:testResources (default-testResources) @ ratis-server ---
[INFO] Using 'UTF-8' encoding to copy filtered resources.
[INFO] skip non existing resourceDirectory /home/runner/work/ratis/ratis/ratis-server/src/test/resources
[INFO] Copying 3 resources
[INFO] 
[INFO] --- maven-compiler-plugin:3.8.1:testCompile (default-testCompile) @ ratis-server ---
[INFO] Compiling 43 source files to /home/runner/work/ratis/ratis/ratis-server/target/test-classes
[INFO] 
[INFO] --- maven-surefire-plugin:3.0.0-M1:test (default-test) @ ratis-server ---
[INFO] 
[INFO] ---------------< org.apache.ratis:ratis-resource-bundle >---------------
[INFO] Building Apache Ratis - Resource Bundle 3.0.0-SNAPSHOT            [9/17]
[INFO] --------------------------------[ jar ]---------------------------------
[INFO] 
[INFO] --- build-helper-maven-plugin:1.9:add-source (add-source) @ ratis-resource-bundle ---
[INFO] Source directory: /home/runner/work/ratis/ratis/ratis-resource-bundle/target/generated-sources added.
[INFO] 
[INFO] --- maven-remote-resources-plugin:1.7.0:process (process-resource-bundles) @ ratis-resource-bundle ---
[INFO] Preparing remote bundle org.apache:apache-jar-resource-bundle:1.4
[INFO] Copying 3 resources from 1 bundle.
[INFO] 
[INFO] --- maven-remote-resources-plugin:1.7.0:bundle (build-ratis-resource-bundle) @ ratis-resource-bundle ---
[INFO] Writing META-INF/maven/remote-resources.xml descriptor with 2 entries
[INFO] 
[INFO] --- buildnumber-maven-plugin:1.4:create-metadata (default) @ ratis-resource-bundle ---
[INFO] Executing: /bin/sh -c cd '/home/runner/work/ratis/ratis/ratis-resource-bundle' && 'git' 'rev-parse' '--verify' 'HEAD'
[INFO] Working directory: /home/runner/work/ratis/ratis/ratis-resource-bundle
[INFO] 
[INFO] --- maven-resources-plugin:3.1.0:resources (default-resources) @ ratis-resource-bundle ---
[INFO] Using 'UTF-8' encoding to copy filtered resources.
[INFO] Copying 3 resources
[INFO] Copying 3 resources
[INFO] 
[INFO] --- maven-compiler-plugin:3.8.1:compile (default-compile) @ ratis-resource-bundle ---
[INFO] No sources to compile
[INFO] 
[INFO] --- maven-resources-plugin:3.1.0:testResources (default-testResources) @ ratis-resource-bundle ---
[INFO] Not copying test resources
[INFO] 
[INFO] --- maven-compiler-plugin:3.8.1:testCompile (default-testCompile) @ ratis-resource-bundle ---
[INFO] Not compiling test sources
[INFO] 
[INFO] --- maven-surefire-plugin:3.0.0-M1:test (default-test) @ ratis-resource-bundle ---
[INFO] Tests are skipped.
[INFO] 
[INFO] --------------------< org.apache.ratis:ratis-grpc >---------------------
[INFO] Building Apache Ratis gRPC Support 3.0.0-SNAPSHOT                [10/17]
[INFO] --------------------------------[ jar ]---------------------------------
[INFO] 
[INFO] --- build-helper-maven-plugin:1.9:add-source (add-source) @ ratis-grpc ---
[INFO] Source directory: /home/runner/work/ratis/ratis/ratis-grpc/target/generated-sources added.
[INFO] 
[INFO] --- maven-remote-resources-plugin:1.7.0:process (process-resource-bundles) @ ratis-grpc ---
[INFO] Preparing remote bundle org.apache:apache-jar-resource-bundle:1.4
[INFO] Copying 3 resources from 1 bundle.
[INFO] 
[INFO] --- buildnumber-maven-plugin:1.4:create-metadata (default) @ ratis-grpc ---
[INFO] Executing: /bin/sh -c cd '/home/runner/work/ratis/ratis/ratis-grpc' && 'git' 'rev-parse' '--verify' 'HEAD'
[INFO] Working directory: /home/runner/work/ratis/ratis/ratis-grpc
[INFO] 
[INFO] --- maven-resources-plugin:3.1.0:resources (default-resources) @ ratis-grpc ---
[INFO] Using 'UTF-8' encoding to copy filtered resources.
[INFO] skip non existing resourceDirectory /home/runner/work/ratis/ratis/ratis-grpc/src/main/resources
[INFO] Copying 3 resources
[INFO] 
[INFO] --- maven-compiler-plugin:3.8.1:compile (default-compile) @ ratis-grpc ---
[INFO] Compiling 21 source files to /home/runner/work/ratis/ratis/ratis-grpc/target/classes
[INFO] 
[INFO] --- maven-resources-plugin:3.1.0:testResources (default-testResources) @ ratis-grpc ---
[INFO] Using 'UTF-8' encoding to copy filtered resources.
[INFO] skip non existing resourceDirectory /home/runner/work/ratis/ratis/ratis-grpc/src/test/resources
[INFO] Copying 3 resources
[INFO] 
[INFO] --- maven-compiler-plugin:3.8.1:testCompile (default-testCompile) @ ratis-grpc ---
[INFO] Compiling 2 source files to /home/runner/work/ratis/ratis/ratis-grpc/target/test-classes
[INFO] 
[INFO] --- maven-surefire-plugin:3.0.0-M1:test (default-test) @ ratis-grpc ---
[INFO] 
[INFO] -------------------------------------------------------
[INFO]  T E S T S
[INFO] -------------------------------------------------------
[INFO] Running org.apache.ratis.grpc.server.TestGrpcServerMetrics
[INFO] Tests run: 5, Failures: 0, Errors: 0, Skipped: 0, Time elapsed: 2.678 s - in org.apache.ratis.grpc.server.TestGrpcServerMetrics
[INFO] 
[INFO] Results:
[INFO] 
[INFO] Tests run: 5, Failures: 0, Errors: 0, Skipped: 0
[INFO] 
[INFO] 
[INFO] --------------------< org.apache.ratis:ratis-netty >--------------------
[INFO] Building Apache Ratis Netty Support 3.0.0-SNAPSHOT               [11/17]
[INFO] --------------------------------[ jar ]---------------------------------
[INFO] 
[INFO] --- build-helper-maven-plugin:1.9:add-source (add-source) @ ratis-netty ---
[INFO] Source directory: /home/runner/work/ratis/ratis/ratis-netty/target/generated-sources added.
[INFO] 
[INFO] --- maven-remote-resources-plugin:1.7.0:process (process-resource-bundles) @ ratis-netty ---
[INFO] Preparing remote bundle org.apache:apache-jar-resource-bundle:1.4
[INFO] Copying 3 resources from 1 bundle.
[INFO] 
[INFO] --- buildnumber-maven-plugin:1.4:create-metadata (default) @ ratis-netty ---
[INFO] Executing: /bin/sh -c cd '/home/runner/work/ratis/ratis/ratis-netty' && 'git' 'rev-parse' '--verify' 'HEAD'
[INFO] Working directory: /home/runner/work/ratis/ratis/ratis-netty
[INFO] 
[INFO] --- maven-resources-plugin:3.1.0:resources (default-resources) @ ratis-netty ---
[INFO] Using 'UTF-8' encoding to copy filtered resources.
[INFO] skip non existing resourceDirectory /home/runner/work/ratis/ratis/ratis-netty/src/main/resources
[INFO] Copying 3 resources
[INFO] 
[INFO] --- maven-compiler-plugin:3.8.1:compile (default-compile) @ ratis-netty ---
[INFO] Compiling 14 source files to /home/runner/work/ratis/ratis/ratis-netty/target/classes
[INFO] 
[INFO] --- maven-resources-plugin:3.1.0:testResources (default-testResources) @ ratis-netty ---
[INFO] Using 'UTF-8' encoding to copy filtered resources.
[INFO] skip non existing resourceDirectory /home/runner/work/ratis/ratis/ratis-netty/src/test/resources
[INFO] Copying 3 resources
[INFO] 
[INFO] --- maven-compiler-plugin:3.8.1:testCompile (default-testCompile) @ ratis-netty ---
[INFO] Compiling 1 source file to /home/runner/work/ratis/ratis/ratis-netty/target/test-classes
[INFO] 
[INFO] --- maven-surefire-plugin:3.0.0-M1:test (default-test) @ ratis-netty ---
[INFO] 
[INFO] --------------------< org.apache.ratis:ratis-shell >--------------------
[INFO] Building Apache Ratis Shell 3.0.0-SNAPSHOT                       [12/17]
[INFO] --------------------------------[ jar ]---------------------------------
[INFO] 
[INFO] --- build-helper-maven-plugin:1.9:add-source (add-source) @ ratis-shell ---
[INFO] Source directory: /home/runner/work/ratis/ratis/ratis-shell/target/generated-sources added.
[INFO] 
[INFO] --- maven-remote-resources-plugin:1.7.0:process (process-resource-bundles) @ ratis-shell ---
[INFO] Preparing remote bundle org.apache:apache-jar-resource-bundle:1.4
[INFO] Copying 3 resources from 1 bundle.
[INFO] 
[INFO] --- buildnumber-maven-plugin:1.4:create-metadata (default) @ ratis-shell ---
[INFO] Executing: /bin/sh -c cd '/home/runner/work/ratis/ratis/ratis-shell' && 'git' 'rev-parse' '--verify' 'HEAD'
[INFO] Working directory: /home/runner/work/ratis/ratis/ratis-shell
[INFO] 
[INFO] --- maven-resources-plugin:3.1.0:resources (default-resources) @ ratis-shell ---
[INFO] Using 'UTF-8' encoding to copy filtered resources.
[INFO] skip non existing resourceDirectory /home/runner/work/ratis/ratis/ratis-shell/src/main/resources
[INFO] Copying 3 resources
[INFO] 
[INFO] --- maven-compiler-plugin:3.8.1:compile (default-compile) @ ratis-shell ---
[INFO] Compiling 21 source files to /home/runner/work/ratis/ratis/ratis-shell/target/classes
[INFO] 
[INFO] --- maven-resources-plugin:3.1.0:testResources (default-testResources) @ ratis-shell ---
[INFO] Using 'UTF-8' encoding to copy filtered resources.
[INFO] skip non existing resourceDirectory /home/runner/work/ratis/ratis/ratis-shell/src/test/resources
[INFO] Copying 3 resources
[INFO] 
[INFO] --- maven-compiler-plugin:3.8.1:testCompile (default-testCompile) @ ratis-shell ---
[INFO] No sources to compile
[INFO] 
[INFO] --- maven-surefire-plugin:3.0.0-M1:test (default-test) @ ratis-shell ---
[INFO] 
[INFO] --------------------< org.apache.ratis:ratis-test >---------------------
[INFO] Building Apache Ratis Test 3.0.0-SNAPSHOT                        [13/17]
[INFO] --------------------------------[ jar ]---------------------------------
[INFO] 
[INFO] --- build-helper-maven-plugin:1.9:add-source (add-source) @ ratis-test ---
[INFO] Source directory: /home/runner/work/ratis/ratis/ratis-test/target/generated-sources added.
[INFO] 
[INFO] --- maven-remote-resources-plugin:1.7.0:process (process-resource-bundles) @ ratis-test ---
[INFO] Preparing remote bundle org.apache:apache-jar-resource-bundle:1.4
[INFO] Copying 3 resources from 1 bundle.
[INFO] 
[INFO] --- buildnumber-maven-plugin:1.4:create-metadata (default) @ ratis-test ---
[INFO] Executing: /bin/sh -c cd '/home/runner/work/ratis/ratis/ratis-test' && 'git' 'rev-parse' '--verify' 'HEAD'
[INFO] Working directory: /home/runner/work/ratis/ratis/ratis-test
[INFO] 
[INFO] --- maven-resources-plugin:3.1.0:resources (default-resources) @ ratis-test ---
[INFO] Using 'UTF-8' encoding to copy filtered resources.
[INFO] skip non existing resourceDirectory /home/runner/work/ratis/ratis/ratis-test/src/main/resources
[INFO] Copying 3 resources
[INFO] 
[INFO] --- maven-compiler-plugin:3.8.1:compile (default-compile) @ ratis-test ---
[INFO] No sources to compile
[INFO] 
[INFO] --- maven-resources-plugin:3.1.0:testResources (default-testResources) @ ratis-test ---
[INFO] Using 'UTF-8' encoding to copy filtered resources.
[INFO] Copying 13 resources
[INFO] Copying 3 resources
[INFO] 
[INFO] --- maven-compiler-plugin:3.8.1:testCompile (default-testCompile) @ ratis-test ---
[INFO] Compiling 117 source files to /home/runner/work/ratis/ratis/ratis-test/target/test-classes
[WARNING] /home/runner/work/ratis/ratis/ratis-test/src/test/java/org/apache/ratis/server/raftlog/segmented/TestSegmentedRaftLog.java:[714,27] [deprecation] append(LogEntryProto...) in RaftLogSequentialOps has been deprecated
[WARNING] /home/runner/work/ratis/ratis/ratis-test/src/test/java/org/apache/ratis/datastream/TestDataStreamDisabled.java:[35,62] [deprecation] none() in ExpectedException has been deprecated
[INFO] 
[INFO] --- maven-surefire-plugin:3.0.0-M1:test (default-test) @ ratis-test ---
[INFO] 
[INFO] -------------------------------------------------------
[INFO]  T E S T S
[INFO] -------------------------------------------------------
[INFO] Running org.apache.ratis.grpc.TestRaftStateMachineExceptionWithGrpc
[INFO] Tests run: 3, Failures: 0, Errors: 0, Skipped: 0, Time elapsed: 3.546 s - in org.apache.ratis.grpc.TestRaftStateMachineExceptionWithGrpc
[INFO] Running org.apache.ratis.grpc.TestRetryCacheWithGrpc
[INFO] Tests run: 3, Failures: 0, Errors: 0, Skipped: 0, Time elapsed: 6.283 s - in org.apache.ratis.grpc.TestRetryCacheWithGrpc
[INFO] Running org.apache.ratis.grpc.TestRaftReconfigurationWithGrpc
[INFO] Tests run: 17, Failures: 0, Errors: 0, Skipped: 0, Time elapsed: 44.838 s - in org.apache.ratis.grpc.TestRaftReconfigurationWithGrpc
[INFO] Running org.apache.ratis.grpc.TestGrpcMessageMetrics
[INFO] Tests run: 1, Failures: 0, Errors: 0, Skipped: 0, Time elapsed: 1.869 s - in org.apache.ratis.grpc.TestGrpcMessageMetrics
[INFO] Running org.apache.ratis.grpc.TestRaftAsyncExceptionWithGrpc
[INFO] Tests run: 2, Failures: 0, Errors: 0, Skipped: 0, Time elapsed: 7.003 s - in org.apache.ratis.grpc.TestRaftAsyncExceptionWithGrpc
[INFO] Running org.apache.ratis.grpc.TestRaftWithGrpc
[INFO] Tests run: 16, Failures: 0, Errors: 0, Skipped: 0, Time elapsed: 119.988 s - in org.apache.ratis.grpc.TestRaftWithGrpc
[INFO] Running org.apache.ratis.grpc.TestRaftOutputStreamWithGrpc
[INFO] Tests run: 4, Failures: 0, Errors: 0, Skipped: 0, Time elapsed: 15.329 s - in org.apache.ratis.grpc.TestRaftOutputStreamWithGrpc
[INFO] Running org.apache.ratis.grpc.TestRaftSnapshotWithGrpc
[INFO] Tests run: 3, Failures: 0, Errors: 0, Skipped: 0, Time elapsed: 4.979 s - in org.apache.ratis.grpc.TestRaftSnapshotWithGrpc
[INFO] Running org.apache.ratis.grpc.TestWatchRequestWithGrpc
[INFO] Tests run: 4, Failures: 0, Errors: 0, Skipped: 0, Time elapsed: 39.941 s - in org.apache.ratis.grpc.TestWatchRequestWithGrpc
[INFO] Running org.apache.ratis.grpc.TestRequestLimitAsyncWithGrpc
[INFO] Tests run: 1, Failures: 0, Errors: 0, Skipped: 0, Time elapsed: 4.72 s - in org.apache.ratis.grpc.TestRequestLimitAsyncWithGrpc
[INFO] Running org.apache.ratis.grpc.TestPreAppendLeaderStepDownWithGrpc
[INFO] Tests run: 3, Failures: 0, Errors: 0, Skipped: 0, Time elapsed: 3.434 s - in org.apache.ratis.grpc.TestPreAppendLeaderStepDownWithGrpc
[INFO] Running org.apache.ratis.grpc.TestRaftAsyncWithGrpc
[INFO] Tests run: 13, Failures: 0, Errors: 0, Skipped: 0, Time elapsed: 46.06 s - in org.apache.ratis.grpc.TestRaftAsyncWithGrpc
[INFO] Running org.apache.ratis.grpc.TestRaftServerWithGrpc
[ERROR] Tests run: 10, Failures: 1, Errors: 0, Skipped: 0, Time elapsed: 28.753 s <<< FAILURE! - in org.apache.ratis.grpc.TestRaftServerWithGrpc
[ERROR] testRaftClientMetrics[0](org.apache.ratis.grpc.TestRaftServerWithGrpc)  Time elapsed: 1.765 s  <<< FAILURE!
java.lang.AssertionError
	at org.junit.Assert.fail(Assert.java:87)
	at org.junit.Assert.assertTrue(Assert.java:42)
	at org.junit.Assert.assertTrue(Assert.java:53)
	at org.apache.ratis.grpc.TestRaftServerWithGrpc.testRaftClientRequestMetrics(TestRaftServerWithGrpc.java:317)
	at org.apache.ratis.server.impl.MiniRaftCluster$Factory$Get.runWithNewCluster(MiniRaftCluster.java:138)
	at org.apache.ratis.server.impl.MiniRaftCluster$Factory$Get.runWithNewCluster(MiniRaftCluster.java:118)
	at org.apache.ratis.grpc.TestRaftServerWithGrpc.testRaftClientMetrics(TestRaftServerWithGrpc.java:216)
	at sun.reflect.NativeMethodAccessorImpl.invoke0(Native Method)
	at sun.reflect.NativeMethodAccessorImpl.invoke(NativeMethodAccessorImpl.java:62)
	at sun.reflect.DelegatingMethodAccessorImpl.invoke(DelegatingMethodAccessorImpl.java:43)
	at java.lang.reflect.Method.invoke(Method.java:498)
	at org.junit.runners.model.FrameworkMethod$1.runReflectiveCall(FrameworkMethod.java:59)
	at org.junit.internal.runners.model.ReflectiveCallable.run(ReflectiveCallable.java:12)
	at org.junit.runners.model.FrameworkMethod.invokeExplosively(FrameworkMethod.java:56)
	at org.junit.internal.runners.statements.InvokeMethod.evaluate(InvokeMethod.java:17)
	at org.junit.internal.runners.statements.RunBefores.evaluate(RunBefores.java:26)
	at org.junit.internal.runners.statements.RunAfters.evaluate(RunAfters.java:27)
	at org.junit.internal.runners.statements.FailOnTimeout$CallableStatement.call(FailOnTimeout.java:299)
	at org.junit.internal.runners.statements.FailOnTimeout$CallableStatement.call(FailOnTimeout.java:293)
	at java.util.concurrent.FutureTask.run(FutureTask.java:266)
	at java.lang.Thread.run(Thread.java:750)

[INFO] Running org.apache.ratis.grpc.TestLeaderElectionWithGrpc
[INFO] Tests run: 17, Failures: 0, Errors: 0, Skipped: 0, Time elapsed: 42.902 s - in org.apache.ratis.grpc.TestLeaderElectionWithGrpc
[INFO] Running org.apache.ratis.grpc.TestLogAppenderWithGrpc
[INFO] Tests run: 10, Failures: 0, Errors: 0, Skipped: 0, Time elapsed: 24.507 s - in org.apache.ratis.grpc.TestLogAppenderWithGrpc
[INFO] Running org.apache.ratis.grpc.TestSnapshotManagementWithGrpc
[INFO] Tests run: 2, Failures: 0, Errors: 0, Skipped: 0, Time elapsed: 4.136 s - in org.apache.ratis.grpc.TestSnapshotManagementWithGrpc
[INFO] Running org.apache.ratis.grpc.TestMessageStreamApiWithGrpc
[INFO] Tests run: 2, Failures: 0, Errors: 0, Skipped: 0, Time elapsed: 2.764 s - in org.apache.ratis.grpc.TestMessageStreamApiWithGrpc
[INFO] Running org.apache.ratis.grpc.TestServerRestartWithGrpc
[INFO] Tests run: 5, Failures: 0, Errors: 0, Skipped: 0, Time elapsed: 8.343 s - in org.apache.ratis.grpc.TestServerRestartWithGrpc
[INFO] Running org.apache.ratis.grpc.TestRaftExceptionWithGrpc
[INFO] Tests run: 5, Failures: 0, Errors: 0, Skipped: 0, Time elapsed: 5.132 s - in org.apache.ratis.grpc.TestRaftExceptionWithGrpc
[INFO] Running org.apache.ratis.grpc.TestGroupManagementWithGrpc
[INFO] Tests run: 8, Failures: 0, Errors: 0, Skipped: 0, Time elapsed: 66.444 s - in org.apache.ratis.grpc.TestGroupManagementWithGrpc
[INFO] Running org.apache.ratis.grpc.cli.TestGroupCommandIntegrationWithGrpc
[INFO] Tests run: 2, Failures: 0, Errors: 0, Skipped: 0, Time elapsed: 2.555 s - in org.apache.ratis.grpc.cli.TestGroupCommandIntegrationWithGrpc
[INFO] Running org.apache.ratis.grpc.cli.TestPeerCommandIntegrationWithGrpc
[INFO] Tests run: 2, Failures: 0, Errors: 0, Skipped: 0, Time elapsed: 13.532 s - in org.apache.ratis.grpc.cli.TestPeerCommandIntegrationWithGrpc
[INFO] Running org.apache.ratis.grpc.cli.TestElectionCommandIntegrationWithGrpc
[INFO] Tests run: 2, Failures: 0, Errors: 0, Skipped: 0, Time elapsed: 8.828 s - in org.apache.ratis.grpc.cli.TestElectionCommandIntegrationWithGrpc
[INFO] Running org.apache.ratis.grpc.cli.TestSnapshotCommandIntegrationWithGrpc
[INFO] Tests run: 1, Failures: 0, Errors: 0, Skipped: 0, Time elapsed: 3.043 s - in org.apache.ratis.grpc.cli.TestSnapshotCommandIntegrationWithGrpc
[INFO] Running org.apache.ratis.grpc.TestInstallSnapshotNotificationWithGrpc
[INFO] Tests run: 5, Failures: 0, Errors: 0, Skipped: 0, Time elapsed: 21.08 s - in org.apache.ratis.grpc.TestInstallSnapshotNotificationWithGrpc
[INFO] Running org.apache.ratis.grpc.TestGroupInfoWithGrpc
[INFO] Tests run: 1, Failures: 0, Errors: 0, Skipped: 0, Time elapsed: 2.029 s - in org.apache.ratis.grpc.TestGroupInfoWithGrpc
[INFO] Running org.apache.ratis.grpc.TestLeaderInstallSnapshot
[INFO] Tests run: 2, Failures: 0, Errors: 0, Skipped: 0, Time elapsed: 3.689 s - in org.apache.ratis.grpc.TestLeaderInstallSnapshot
[INFO] Running org.apache.ratis.grpc.TestStateMachineShutdownWithGrpc
[INFO] Tests run: 1, Failures: 0, Errors: 0, Skipped: 0, Time elapsed: 1.875 s - in org.apache.ratis.grpc.TestStateMachineShutdownWithGrpc
[INFO] Running org.apache.ratis.grpc.TestServerPauseResumeWithGrpc
[INFO] Tests run: 1, Failures: 0, Errors: 0, Skipped: 0, Time elapsed: 8.264 s - in org.apache.ratis.grpc.TestServerPauseResumeWithGrpc
[INFO] 
[INFO] Results:
[INFO] 
[ERROR] Failures: 
[ERROR]   TestRaftServerWithGrpc.testRaftClientMetrics:216->testRaftClientRequestMetrics:317
[INFO] 
[ERROR] Tests run: 146, Failures: 1, Errors: 0, Skipped: 0
[INFO] 
[INFO] 
[INFO] --------------------< org.apache.ratis:ratis-tools >--------------------
[INFO] Building Apache Ratis Tools 3.0.0-SNAPSHOT                       [14/17]
[INFO] --------------------------------[ jar ]---------------------------------
[INFO] 
[INFO] --- build-helper-maven-plugin:1.9:add-source (add-source) @ ratis-tools ---
[INFO] Source directory: /home/runner/work/ratis/ratis/ratis-tools/target/generated-sources added.
[INFO] 
[INFO] --- maven-remote-resources-plugin:1.7.0:process (process-resource-bundles) @ ratis-tools ---
[INFO] Preparing remote bundle org.apache:apache-jar-resource-bundle:1.4
[INFO] Copying 3 resources from 1 bundle.
[INFO] 
[INFO] --- buildnumber-maven-plugin:1.4:create-metadata (default) @ ratis-tools ---
[INFO] Executing: /bin/sh -c cd '/home/runner/work/ratis/ratis/ratis-tools' && 'git' 'rev-parse' '--verify' 'HEAD'
[INFO] Working directory: /home/runner/work/ratis/ratis/ratis-tools
[INFO] 
[INFO] --- maven-resources-plugin:3.1.0:resources (default-resources) @ ratis-tools ---
[INFO] Using 'UTF-8' encoding to copy filtered resources.
[INFO] skip non existing resourceDirectory /home/runner/work/ratis/ratis/ratis-tools/src/main/resources
[INFO] Copying 3 resources
[INFO] 
[INFO] --- maven-compiler-plugin:3.8.1:compile (default-compile) @ ratis-tools ---
[INFO] Compiling 2 source files to /home/runner/work/ratis/ratis/ratis-tools/target/classes
[INFO] 
[INFO] --- maven-resources-plugin:3.1.0:testResources (default-testResources) @ ratis-tools ---
[INFO] Using 'UTF-8' encoding to copy filtered resources.
[INFO] skip non existing resourceDirectory /home/runner/work/ratis/ratis/ratis-tools/src/test/resources
[INFO] Copying 3 resources
[INFO] 
[INFO] --- maven-compiler-plugin:3.8.1:testCompile (default-testCompile) @ ratis-tools ---
[INFO] No sources to compile
[INFO] 
[INFO] --- maven-surefire-plugin:3.0.0-M1:test (default-test) @ ratis-tools ---
[INFO] 
[INFO] ------------------------------------------------------------------------
[INFO] Skipping Apache Ratis Examples
[INFO] This project has been banned from the build due to previous failures.
[INFO] ------------------------------------------------------------------------
[INFO] 
[INFO] ---------------< org.apache.ratis:ratis-replicated-map >----------------
[INFO] Building Apache Ratis Replicated Map 3.0.0-SNAPSHOT              [15/17]
[INFO] --------------------------------[ jar ]---------------------------------
[INFO] 
[INFO] --- build-helper-maven-plugin:1.9:add-source (add-source) @ ratis-replicated-map ---
[INFO] Source directory: /home/runner/work/ratis/ratis/ratis-replicated-map/target/generated-sources added.
[INFO] 
[INFO] --- maven-remote-resources-plugin:1.7.0:process (process-resource-bundles) @ ratis-replicated-map ---
[INFO] Preparing remote bundle org.apache:apache-jar-resource-bundle:1.4
[INFO] Copying 3 resources from 1 bundle.
[INFO] 
[INFO] --- buildnumber-maven-plugin:1.4:create-metadata (default) @ ratis-replicated-map ---
[INFO] Executing: /bin/sh -c cd '/home/runner/work/ratis/ratis/ratis-replicated-map' && 'git' 'rev-parse' '--verify' 'HEAD'
[INFO] Working directory: /home/runner/work/ratis/ratis/ratis-replicated-map
[INFO] 
[INFO] --- maven-resources-plugin:3.1.0:resources (default-resources) @ ratis-replicated-map ---
[INFO] Using 'UTF-8' encoding to copy filtered resources.
[INFO] skip non existing resourceDirectory /home/runner/work/ratis/ratis/ratis-replicated-map/src/main/resources
[INFO] Copying 3 resources
[INFO] 
[INFO] --- maven-compiler-plugin:3.8.1:compile (default-compile) @ ratis-replicated-map ---
[INFO] No sources to compile
[INFO] 
[INFO] --- maven-resources-plugin:3.1.0:testResources (default-testResources) @ ratis-replicated-map ---
[INFO] Using 'UTF-8' encoding to copy filtered resources.
[INFO] Copying 1 resource
[INFO] Copying 3 resources
[INFO] 
[INFO] --- maven-compiler-plugin:3.8.1:testCompile (default-testCompile) @ ratis-replicated-map ---
[INFO] No sources to compile
[INFO] 
[INFO] --- maven-surefire-plugin:3.0.0-M1:test (default-test) @ ratis-replicated-map ---
[INFO] 
[INFO] ------------------------------------------------------------------------
[INFO] Skipping Apache Ratis Project Assembly
[INFO] This project has been banned from the build due to previous failures.
[INFO] ------------------------------------------------------------------------
[INFO] ------------------------------------------------------------------------
[INFO] Reactor Summary for Apache Ratis 3.0.0-SNAPSHOT:
[INFO] 
[INFO] Apache Ratis ....................................... SUCCESS [  1.106 s]
[INFO] Apache Ratis Documentation ......................... SUCCESS [  0.280 s]
[INFO] Apache Ratis Protocols ............................. SUCCESS [ 10.280 s]
[INFO] Apache Ratis Common ................................ SUCCESS [  3.120 s]
[INFO] Apache Ratis Client ................................ SUCCESS [  1.517 s]
[INFO] Apache Ratis Server API ............................ SUCCESS [  1.658 s]
[INFO] Apache Ratis Metrics ............................... SUCCESS [  1.373 s]
[INFO] Apache Ratis Server ................................ SUCCESS [  4.911 s]
[INFO] Apache Ratis - Resource Bundle ..................... SUCCESS [  0.072 s]
[INFO] Apache Ratis gRPC Support .......................... SUCCESS [  5.852 s]
[INFO] Apache Ratis Netty Support ......................... SUCCESS [  2.010 s]
[INFO] Apache Ratis Shell ................................. SUCCESS [  1.465 s]
[INFO] Apache Ratis Test .................................. FAILURE [09:24 min]
[INFO] Apache Ratis Tools ................................. SUCCESS [  0.657 s]
[INFO] Apache Ratis Examples .............................. SKIPPED
[INFO] Apache Ratis Replicated Map ........................ SUCCESS [  0.108 s]
[INFO] Apache Ratis Project Assembly ...................... SKIPPED
[INFO] ------------------------------------------------------------------------
[INFO] BUILD FAILURE
[INFO] ------------------------------------------------------------------------
[INFO] Total time:  09:59 min
[INFO] Finished at: 2022-08-16T16:35:56Z
[INFO] ------------------------------------------------------------------------
[ERROR] Failed to execute goal org.apache.maven.plugins:maven-surefire-plugin:3.0.0-M1:test (default-test) on project ratis-test: There are test failures.
[ERROR] 
[ERROR] Please refer to /home/runner/work/ratis/ratis/ratis-test/target/surefire-reports for the individual test results.
[ERROR] Please refer to dump files (if any exist) [date].dump, [date]-jvmRun[N].dump and [date].dumpstream.
[ERROR] -> [Help 1]
[ERROR] 
[ERROR] To see the full stack trace of the errors, re-run Maven with the -e switch.
[ERROR] Re-run Maven using the -X switch to enable full debug logging.
[ERROR] 
[ERROR] For more information about the errors and possible solutions, please read the following articles:
[ERROR] [Help 1] http://cwiki.apache.org/confluence/display/MAVEN/MojoFailureException
[ERROR] 
[ERROR] After correcting the problems, you can resume the build with the command
[ERROR]   mvn <args> -rf :ratis-test
